<?xml version="1.0" encoding="UTF-8"?>
<testsuite xmlns:xsi="http://www.w3.org/2001/XMLSchema-instance" xsi:noNamespaceSchemaLocation="https://maven.apache.org/surefire/maven-surefire-plugin/xsd/surefire-test-report.xsd" name="RunTest" time="1.372" tests="21" errors="0" skipped="18" failures="0">
  <properties>
[...]
</properties>
  <testcase name="Given user instantiates the driver" classname="| books |" time="0">
    <skipped/>
  </testcase>
  <testcase name="When user gets the url" classname="| books |" time="0">
    <skipped/>
  </testcase>
  <testcase name="Given user enters &quot;books&quot; in search box" classname="| books |" time="0">
    <skipped/>
  </testcase>
  <testcase name="When user clicks on search button" classname="| books |" time="0">
    <skipped/>
  </testcase>
  <testcase name="Then links are displayed according to &quot;books&quot;" classname="| books |" time="0">
    <skipped/>
  </testcase>
  <testcase name="| books |" classname="| books |" time="0">
    <skipped/>
  </testcase>
  <testcase name="| books |" classname="| books |" time="0.012"/>
  <testcase name="Given user instantiates the driver" classname="| money |" time="0">
    <skipped/>
  </testcase>
  <testcase name="When user gets the url" classname="| money |" time="0">
    <skipped/>
  </testcase>
  <testcase name="Given user enters &quot;money&quot; in search box" classname="| money |" time="0">
    <skipped/>
  </testcase>
  <testcase name="When user clicks on search button" classname="| money |" time="0">
    <skipped/>
  </testcase>
  <testcase name="Then links are displayed according to &quot;money&quot;" classname="| money |" time="0">
    <skipped/>
  </testcase>
  <testcase name="| money |" classname="| money |" time="0">
    <skipped/>
  </testcase>
  <testcase name="| money |" classname="| money |" time="0"/>
  <testcase name="Given user instantiates the driver" classname="Scenario: Verify google page title" time="0">
    <skipped/>
  </testcase>
  <testcase name="When user gets the url" classname="Scenario: Verify google page title" time="0">
    <skipped/>
  </testcase>
  <testcase name="Given user is on Google home page" classname="Scenario: Verify google page title" time="0">
    <skipped/>
  </testcase>
  <testcase name="When user fetches the title of the page" classname="Scenario: Verify google page title" time="0">
    <skipped/>
  </testcase>
  <testcase name="Then user verifies the title" classname="Scenario: Verify google page title" time="0">
    <skipped/>
  </testcase>
  <testcase name="Scenario: Verify google page title" classname="Scenario: Verify google page title" time="0">
    <skipped/>
  </testcase>
  <testcase name="Scenario: Verify google page title" classname="Scenario: Verify google page title" time="0.012"/>
</testsuite>